<?xml version="1.0" encoding="UTF-8"?>
<!-- Generated by org.testng.reporters.JUnitReportReporter -->
<testsuite hostname="user-PC" failures="0" tests="1" name="testng.Demoproject" time="4.834" errors="0" timestamp="2021-04-11T14:01:55 IST" skipped="0">
  <testcase classname="testng.Demoproject" name="datepicker" time="4.834"/>
  <system-out/>
</testsuite> <!-- testng.Demoproject -->
