<?xml version="1.0" encoding="UTF-8"?>
<!-- Generated by org.testng.reporters.JUnitReportReporter -->
<testsuite hostname="user-PC" failures="0" tests="1" name="testng.finalprojecttestng" time="4.120" errors="0" timestamp="2021-03-21T19:31:31 IST" skipped="0">
  <testcase classname="testng.finalprojecttestng" name="verifyHomepageTitle" time="4.120"/>
  <system-out/>
</testsuite> <!-- testng.finalprojecttestng -->
