<?xml version="1.0" encoding="UTF-8"?>
<!-- Generated by org.testng.reporters.JUnitReportReporter -->
<testsuite hostname="user-PC" failures="0" tests="1" name="testng.datepicker" time="18.836" errors="0" timestamp="2021-04-11T14:30:27 IST" skipped="0">
  <testcase classname="testng.datepicker" name="testDAtePicker" time="18.836"/>
  <system-out/>
</testsuite> <!-- testng.datepicker -->
