<?xml version="1.0" encoding="UTF-8"?>
<!-- Generated by org.testng.reporters.JUnitReportReporter -->
<testsuite hostname="user-PC" failures="0" tests="1" name="testng.searching" time="70.384" errors="0" timestamp="2021-03-21T21:01:57 IST" skipped="0">
  <testcase classname="testng.searching" name="f" time="70.384"/>
  <system-out/>
</testsuite> <!-- testng.searching -->
